# JRE version: OpenJDK Runtime Environment (17.0.6) (build 17.0.6+0-b2043.56-9586694)
# Java VM: OpenJDK 64-Bit Server VM (17.0.6+0-b2043.56-9586694, mixed mode, tiered, compressed oops, compressed class ptrs, g1 gc, windows-amd64)
GC Precious Log:
 CPUs: 4 total, 4 available
 Memory: 8071M
 Large Page Support: Disabled
 NUMA Support: Disabled
 Compressed Oops: Enabled (32-bit)
 Heap Region Size: 1M
 Heap Min Capacity: 8M
 Heap Initial Capacity: 128M
 Heap Max Capacity: 1536M
 Pre-touch: Disabled
 Parallel Workers: 4
 Concurrent Workers: 1
 Concurrent Refinement Workers: 4
 Periodic GC: Disabled
Heap:
 garbage-first heap   total 134144K, used 100286K [0x00000000a0000000, 0x0000000100000000)
  region size 1024K, 42 young (43008K), 4 survivors (4096K)
 Metaspace       used 69836K, committed 70336K, reserved 1114112K
  class space    used 9116K, committed 9344K, reserved 1048576K
GC Heap History (20 events):
Event: 12.410 GC heap before
{Heap before GC invocations=25 (full 0):
 garbage-first heap   total 81920K, used 58426K [0x00000000a0000000, 0x0000000100000000)
  region size 1024K, 15 young (15360K), 3 survivors (3072K)
 Metaspace       used 51468K, committed 51904K, reserved 1097728K
  class space    used 6744K, committed 6912K, reserved 1048576K
}
Event: 12.413 GC heap after
{Heap after GC invocations=26 (full 0):
 garbage-first heap   total 81920K, used 50058K [0x00000000a0000000, 0x0000000100000000)
  region size 1024K, 2 young (2048K), 2 survivors (2048K)
 Metaspace       used 51468K, committed 51904K, reserved 1097728K
  class space    used 6744K, committed 6912K, reserved 1048576K
}
Event: 12.660 GC heap before
{Heap before GC invocations=26 (full 0):
 garbage-first heap   total 81920K, used 60298K [0x00000000a0000000, 0x0000000100000000)
  region size 1024K, 12 young (12288K), 2 survivors (2048K)
 Metaspace       used 52662K, committed 53120K, reserved 1097728K
  class space    used 6923K, committed 7104K, reserved 1048576K
}
Event: 12.663 GC heap after
{Heap after GC invocations=27 (full 0):
 garbage-first heap   total 81920K, used 50399K [0x00000000a0000000, 0x0000000100000000)
  region size 1024K, 1 young (1024K), 1 survivors (1024K)
 Metaspace       used 52662K, committed 53120K, reserved 1097728K
  class space    used 6923K, committed 7104K, reserved 1048576K
}
Event: 12.990 GC heap before
{Heap before GC invocations=28 (full 0):
 garbage-first heap   total 89088K, used 61663K [0x00000000a0000000, 0x0000000100000000)
  region size 1024K, 12 young (12288K), 1 survivors (1024K)
 Metaspace       used 54211K, committed 54656K, reserved 1097728K
  class space    used 7117K, committed 7296K, reserved 1048576K
}
Event: 12.993 GC heap after
{Heap after GC invocations=29 (full 0):
 garbage-first heap   total 89088K, used 50845K [0x00000000a0000000, 0x0000000100000000)
  region size 1024K, 1 young (1024K), 1 survivors (1024K)
 Metaspace       used 54211K, committed 54656K, reserved 1097728K
  class space    used 7117K, committed 7296K, reserved 1048576K
}
Event: 13.419 GC heap before
{Heap before GC invocations=29 (full 0):
 garbage-first heap   total 89088K, used 66205K [0x00000000a0000000, 0x0000000100000000)
  region size 1024K, 16 young (16384K), 1 survivors (1024K)
 Metaspace       used 56612K, committed 57152K, reserved 1105920K
  class space    used 7423K, committed 7680K, reserved 1048576K
}
Event: 13.422 GC heap after
{Heap after GC invocations=30 (full 0):
 garbage-first heap   total 89088K, used 51352K [0x00000000a0000000, 0x0000000100000000)
  region size 1024K, 2 young (2048K), 2 survivors (2048K)
 Metaspace       used 56612K, committed 57152K, reserved 1105920K
  class space    used 7423K, committed 7680K, reserved 1048576K
}
Event: 13.783 GC heap before
{Heap before GC invocations=31 (full 0):
 garbage-first heap   total 96256K, used 65688K [0x00000000a0000000, 0x0000000100000000)
  region size 1024K, 17 young (17408K), 2 survivors (2048K)
 Metaspace       used 58686K, committed 59136K, reserved 1105920K
  class space    used 7697K, committed 7872K, reserved 1048576K
}
Event: 13.788 GC heap after
{Heap after GC invocations=32 (full 0):
 garbage-first heap   total 96256K, used 51905K [0x00000000a0000000, 0x0000000100000000)
  region size 1024K, 2 young (2048K), 2 survivors (2048K)
 Metaspace       used 58686K, committed 59136K, reserved 1105920K
  class space    used 7697K, committed 7872K, reserved 1048576K
}
Event: 14.363 GC heap before
{Heap before GC invocations=32 (full 0):
 garbage-first heap   total 96256K, used 67265K [0x00000000a0000000, 0x0000000100000000)
  region size 1024K, 18 young (18432K), 2 survivors (2048K)
 Metaspace       used 62262K, committed 62848K, reserved 1105920K
  class space    used 8157K, committed 8448K, reserved 1048576K
}
Event: 14.368 GC heap after
{Heap after GC invocations=33 (full 0):
 garbage-first heap   total 96256K, used 53750K [0x00000000a0000000, 0x0000000100000000)
  region size 1024K, 3 young (3072K), 3 survivors (3072K)
 Metaspace       used 62262K, committed 62848K, reserved 1105920K
  class space    used 8157K, committed 8448K, reserved 1048576K
}
Event: 14.510 GC heap before
{Heap before GC invocations=34 (full 0):
 garbage-first heap   total 111616K, used 65014K [0x00000000a0000000, 0x0000000100000000)
  region size 1024K, 12 young (12288K), 3 survivors (3072K)
 Metaspace       used 62265K, committed 62848K, reserved 1105920K
  class space    used 8157K, committed 8448K, reserved 1048576K
}
Event: 14.518 GC heap after
{Heap after GC invocations=35 (full 0):
 garbage-first heap   total 111616K, used 59909K [0x00000000a0000000, 0x0000000100000000)
  region size 1024K, 3 young (3072K), 3 survivors (3072K)
 Metaspace       used 62265K, committed 62848K, reserved 1105920K
  class space    used 8157K, committed 8448K, reserved 1048576K
}
Event: 15.058 GC heap before
{Heap before GC invocations=36 (full 0):
 garbage-first heap   total 111616K, used 83461K [0x00000000a0000000, 0x0000000100000000)
  region size 1024K, 24 young (24576K), 3 survivors (3072K)
 Metaspace       used 64145K, committed 64640K, reserved 1105920K
  class space    used 8409K, committed 8640K, reserved 1048576K
}
Event: 15.063 GC heap after
{Heap after GC invocations=37 (full 0):
 garbage-first heap   total 111616K, used 57090K [0x00000000a0000000, 0x0000000100000000)
  region size 1024K, 2 young (2048K), 2 survivors (2048K)
 Metaspace       used 64145K, committed 64640K, reserved 1105920K
  class space    used 8409K, committed 8640K, reserved 1048576K
}
Event: 15.459 GC heap before
{Heap before GC invocations=37 (full 0):
 garbage-first heap   total 111616K, used 77570K [0x00000000a0000000, 0x0000000100000000)
  region size 1024K, 24 young (24576K), 2 survivors (2048K)
 Metaspace       used 65796K, committed 66368K, reserved 1114112K
  class space    used 8592K, committed 8832K, reserved 1048576K
}
Event: 15.464 GC heap after
{Heap after GC invocations=38 (full 0):
 garbage-first heap   total 134144K, used 58523K [0x00000000a0000000, 0x0000000100000000)
  region size 1024K, 4 young (4096K), 4 survivors (4096K)
 Metaspace       used 65796K, committed 66368K, reserved 1114112K
  class space    used 8592K, committed 8832K, reserved 1048576K
}
Event: 16.553 GC heap before
{Heap before GC invocations=38 (full 0):
 garbage-first heap   total 134144K, used 97435K [0x00000000a0000000, 0x0000000100000000)
  region size 1024K, 41 young (41984K), 4 survivors (4096K)
 Metaspace       used 69171K, committed 69760K, reserved 1114112K
  class space    used 9013K, committed 9280K, reserved 1048576K
}
Event: 16.562 GC heap after
{Heap after GC invocations=39 (full 0):
 garbage-first heap   total 134144K, used 60350K [0x00000000a0000000, 0x0000000100000000)
  region size 1024K, 4 young (4096K), 4 survivors (4096K)
 Metaspace       used 69171K, committed 69760K, reserved 1114112K
  class space    used 9013K, committed 9280K, reserved 1048576K
}

